Using pre-set license
Built from '2020.3/staging' branch; Version is '2020.3.25f1 (9b9180224418) revision 10195328'; Using compiler version '192528614'; Build Type 'Release'
OS: 'Windows 10  (10.0.19044) 64bit CoreSingleLanguage' Language: 'ru' Physical Memory: 7542 MB
BatchMode: 1, IsHumanControllingUs: 0, StartBugReporterOnCrash: 0, Is64bit: 1, IsPro: 0

COMMAND LINE ARGUMENTS:
C:\Program Files\Unity\Hub\Editor\2020.3.25f1\Editor\Unity.exe
-adb2
-batchMode
-noUpm
-name
AssetImportWorker0
-projectPath
C:/Hectic/Projects/Logicus/Logicus/Logicus
-logFile
Logs/AssetImportWorker0.log
-srvPort
64199
Successfully changed project path to: C:/Hectic/Projects/Logicus/Logicus/Logicus
C:/Hectic/Projects/Logicus/Logicus/Logicus
Using Asset Import Pipeline V2.
Refreshing native plugins compatible for Editor in 68.49 ms, found 2 plugins.
Preloading 0 native plugins for Editor in 0.00 ms.
Initialize engine version: 2020.3.25f1 (9b9180224418)
[Subsystems] Discovering subsystems at path C:/Program Files/Unity/Hub/Editor/2020.3.25f1/Editor/Data/Resources/UnitySubsystems
[Subsystems] Discovering subsystems at path C:/Hectic/Projects/Logicus/Logicus/Logicus/Assets
GfxDevice: creating device client; threaded=0
Direct3D:
    Version:  Direct3D 11.0 [level 11.1]
    Renderer: AMD Radeon(TM) Graphics (ID=0x1636)
    Vendor:   
    VRAM:     3771 MB
    Driver:   27.20.11028.10001
Initialize mono
Mono path[0] = 'C:/Program Files/Unity/Hub/Editor/2020.3.25f1/Editor/Data/Managed'
Mono path[1] = 'C:/Program Files/Unity/Hub/Editor/2020.3.25f1/Editor/Data/MonoBleedingEdge/lib/mono/unityjit'
Mono config path = 'C:/Program Files/Unity/Hub/Editor/2020.3.25f1/Editor/Data/MonoBleedingEdge/etc'
Using monoOptions --debugger-agent=transport=dt_socket,embedding=1,server=y,suspend=n,address=127.0.0.1:56892
Begin MonoManager ReloadAssembly
Registering precompiled unity dll's ...
Register platform support module: C:/Program Files/Unity/Hub/Editor/2020.3.25f1/Editor/Data/PlaybackEngines/WebGLSupport/UnityEditor.WebGL.Extensions.dll
Register platform support module: C:/Program Files/Unity/Hub/Editor/2020.3.25f1/Editor/Data/PlaybackEngines/WindowsStandaloneSupport/UnityEditor.WindowsStandalone.Extensions.dll
Register platform support module: C:/Program Files/Unity/Hub/Editor/2020.3.25f1/Editor/Data/PlaybackEngines/LinuxStandaloneSupport/UnityEditor.LinuxStandalone.Extensions.dll
Registered in 0.002183 seconds.
Native extension for LinuxStandalone target not found
Native extension for WindowsStandalone target not found
Native extension for WebGL target not found
Refreshing native plugins compatible for Editor in 68.58 ms, found 2 plugins.
Preloading 0 native plugins for Editor in 0.00 ms.
Mono: successfully reloaded assembly
- Completed reload, in  0.753 seconds
Domain Reload Profiling:
	ReloadAssembly (753ms)
		BeginReloadAssembly (55ms)
			ExecutionOrderSort (0ms)
			DisableScriptedObjects (0ms)
			BackupInstance (0ms)
			ReleaseScriptingObjects (0ms)
			CreateAndSetChildDomain (1ms)
		EndReloadAssembly (609ms)
			LoadAssemblies (54ms)
			RebuildTransferFunctionScriptingTraits (0ms)
			SetupTypeCache (200ms)
			ReleaseScriptCaches (0ms)
			RebuildScriptCaches (41ms)
			SetupLoadedEditorAssemblies (235ms)
				LogAssemblyErrors (0ms)
				InitializePlatformSupportModulesInManaged (7ms)
				SetLoadedEditorAssemblies (0ms)
				RefreshPlugins (69ms)
				BeforeProcessingInitializeOnLoad (15ms)
				ProcessInitializeOnLoadAttributes (106ms)
				ProcessInitializeOnLoadMethodAttributes (38ms)
				AfterProcessingInitializeOnLoad (0ms)
				EditorAssembliesLoaded (0ms)
			ExecutionOrderSort2 (0ms)
			AwakeInstancesAfterBackupRestoration (0ms)
Platform modules already initialized, skipping
Registering precompiled user dll's ...
Registered in 0.013002 seconds.
Begin MonoManager ReloadAssembly
Native extension for LinuxStandalone target not found
Native extension for WindowsStandalone target not found
Native extension for WebGL target not found
Refreshing native plugins compatible for Editor in 72.17 ms, found 2 plugins.
Preloading 0 native plugins for Editor in 0.00 ms.
Mono: successfully reloaded assembly
- Completed reload, in  2.045 seconds
Domain Reload Profiling:
	ReloadAssembly (2046ms)
		BeginReloadAssembly (151ms)
			ExecutionOrderSort (0ms)
			DisableScriptedObjects (6ms)
			BackupInstance (0ms)
			ReleaseScriptingObjects (0ms)
			CreateAndSetChildDomain (22ms)
		EndReloadAssembly (1825ms)
			LoadAssemblies (99ms)
			RebuildTransferFunctionScriptingTraits (0ms)
			SetupTypeCache (398ms)
			ReleaseScriptCaches (1ms)
			RebuildScriptCaches (91ms)
			SetupLoadedEditorAssemblies (1088ms)
				LogAssemblyErrors (0ms)
				InitializePlatformSupportModulesInManaged (16ms)
				SetLoadedEditorAssemblies (0ms)
				RefreshPlugins (72ms)
				BeforeProcessingInitializeOnLoad (113ms)
				ProcessInitializeOnLoadAttributes (838ms)
				ProcessInitializeOnLoadMethodAttributes (44ms)
				AfterProcessingInitializeOnLoad (4ms)
				EditorAssembliesLoaded (0ms)
			ExecutionOrderSort2 (0ms)
			AwakeInstancesAfterBackupRestoration (12ms)
Platform modules already initialized, skipping
========================================================================
Worker process is ready to serve import requests
Launched and connected shader compiler UnityShaderCompiler.exe after 0.06 seconds
Refreshing native plugins compatible for Editor in 0.72 ms, found 2 plugins.
Preloading 0 native plugins for Editor in 0.00 ms.
Unloading 3230 Unused Serialized files (Serialized files now loaded: 0)
System memory in use before: 141.5 MB.
System memory in use after: 141.7 MB.

Unloading 30 unused Assets to reduce memory usage. Loaded Objects now: 3710.
Total: 32.124900 ms (FindLiveObjects: 0.872600 ms CreateObjectMapping: 0.253200 ms MarkObjects: 30.761000 ms  DeleteObjects: 0.235000 ms)

AssetImportParameters requested are different than current active one (requested -> active):
  custom:framework-win-MediaFoundation: 216162199b28c13a410421893ffa2e32 -> 
  custom:video-decoder-ogg-theora: a1e56fd34408186e4bbccfd4996cb3dc -> 
  custom:container-muxer-webm: aa71ff27fc2769a1b78a27578f13a17b -> 
  custom:container-demuxer-webm: 4f35f7cbe854078d1ac9338744f61a02 -> 
  custom:container-demuxer-ogg: 62fdf1f143b41e24485cea50d1cbac27 -> 
  custom:video-encoder-webm-vp8: eb34c28f22e8b96e1ab97ce403110664 -> 
  custom:video-decoder-webm-vp8: 9c59270c3fd7afecdb556c50c9e8de78 -> 
  custom:audio-decoder-ogg-vorbis: bf7c407c2cedff20999df2af8eb42d56 -> 
  custom:audio-encoder-webm-vorbis: bf7c407c2cedff20999df2af8eb42d56 -> 
========================================================================
Received Import Request.
  path: Assets/Prefabs/Elements/и-не.prefab
  artifactKey: Guid(e75bfbb58e717764993208a9fbe05a24) Importer(815301076,1909f56bfc062723c751e8b465ee728b)
Start importing Assets/Prefabs/Elements/и-не.prefab using Guid(e75bfbb58e717764993208a9fbe05a24) Importer(815301076,1909f56bfc062723c751e8b465ee728b)  -> (artifact id: '753df8f31e39a87bcbcaf3841559bfd1') in 0.242089 seconds 
  Import took 0.249376 seconds .

========================================================================
Received Import Request.
  Time since last request: 0.000263 seconds.
  path: Assets/Prefabs/Elements/и.prefab
  artifactKey: Guid(84e453668de707d4bb8f8ec477243010) Importer(815301076,1909f56bfc062723c751e8b465ee728b)
Start importing Assets/Prefabs/Elements/и.prefab using Guid(84e453668de707d4bb8f8ec477243010) Importer(815301076,1909f56bfc062723c751e8b465ee728b)  -> (artifact id: 'b1b56eb9dcbc878eb68a76a1ad9bd483') in 0.077678 seconds 
  Import took 0.084853 seconds .

========================================================================
Received Import Request.
  Time since last request: 5.836782 seconds.
  path: Assets/Prefabs/Elements/или.prefab
  artifactKey: Guid(ab15331eccf502542bbe0e630c4323a9) Importer(815301076,1909f56bfc062723c751e8b465ee728b)
Start importing Assets/Prefabs/Elements/или.prefab using Guid(ab15331eccf502542bbe0e630c4323a9) Importer(815301076,1909f56bfc062723c751e8b465ee728b)  -> (artifact id: '8b6385e94a7804b66475aafabe66006d') in 0.079177 seconds 
  Import took 0.087004 seconds .

========================================================================
Received Import Request.
  Time since last request: 0.786893 seconds.
  path: Assets/Prefabs/Elements/или.prefab
  artifactKey: Guid(ab15331eccf502542bbe0e630c4323a9) Importer(815301076,1909f56bfc062723c751e8b465ee728b)
Start importing Assets/Prefabs/Elements/или.prefab using Guid(ab15331eccf502542bbe0e630c4323a9) Importer(815301076,1909f56bfc062723c751e8b465ee728b)  -> (artifact id: 'cc12216d9db7ba7258868629777f09f5') in 0.066214 seconds 
  Import took 0.073938 seconds .

========================================================================
Received Import Request.
  Time since last request: 6.614623 seconds.
  path: Assets/Prefabs/Elements/инв.prefab
  artifactKey: Guid(192e9358af3495d47bb6917b3f273952) Importer(815301076,1909f56bfc062723c751e8b465ee728b)
Start importing Assets/Prefabs/Elements/инв.prefab using Guid(192e9358af3495d47bb6917b3f273952) Importer(815301076,1909f56bfc062723c751e8b465ee728b)  -> (artifact id: '15a3825dc645773381aee11f917d46ea') in 0.072115 seconds 
  Import took 0.078513 seconds .

========================================================================
Received Import Request.
  Time since last request: 5.421220 seconds.
  path: Assets/Prefabs/Elements/иск-или.prefab
  artifactKey: Guid(fd667948c36fd414d8b7c1835f6b5cf2) Importer(815301076,1909f56bfc062723c751e8b465ee728b)
Start importing Assets/Prefabs/Elements/иск-или.prefab using Guid(fd667948c36fd414d8b7c1835f6b5cf2) Importer(815301076,1909f56bfc062723c751e8b465ee728b)  -> (artifact id: '38d430570f523f013b171151620872e6') in 0.082611 seconds 
  Import took 0.090264 seconds .

========================================================================
Received Import Request.
  Time since last request: 0.755567 seconds.
  path: Assets/Prefabs/Elements/иск-или.prefab
  artifactKey: Guid(fd667948c36fd414d8b7c1835f6b5cf2) Importer(815301076,1909f56bfc062723c751e8b465ee728b)
Start importing Assets/Prefabs/Elements/иск-или.prefab using Guid(fd667948c36fd414d8b7c1835f6b5cf2) Importer(815301076,1909f56bfc062723c751e8b465ee728b)  -> (artifact id: 'f2dcbb8fde52593e7e888c32430f411f') in 0.069472 seconds 
  Import took 0.076326 seconds .

========================================================================
Received Import Request.
  Time since last request: 13.132153 seconds.
  path: Assets/Prefabs/Base/1-Input.prefab
  artifactKey: Guid(95e4b747fa1d29e4da890ed1c962178b) Importer(815301076,1909f56bfc062723c751e8b465ee728b)
Start importing Assets/Prefabs/Base/1-Input.prefab using Guid(95e4b747fa1d29e4da890ed1c962178b) Importer(815301076,1909f56bfc062723c751e8b465ee728b)  -> (artifact id: '2777bf2750bd3a0cb47df0f1c5b59315') in 0.384484 seconds 
  Import took 0.391902 seconds .

========================================================================
Received Import Request.
  Time since last request: 4.646603 seconds.
  path: Assets/Prefabs/Base/1-Output.prefab
  artifactKey: Guid(5975040894f62be4daf8348b04ec89f5) Importer(815301076,1909f56bfc062723c751e8b465ee728b)
Start importing Assets/Prefabs/Base/1-Output.prefab using Guid(5975040894f62be4daf8348b04ec89f5) Importer(815301076,1909f56bfc062723c751e8b465ee728b)  -> (artifact id: '3adb4d7f4f86446a6f761a1fc4b83700') in 0.070507 seconds 
  Import took 0.077743 seconds .

========================================================================
Received Import Request.
  Time since last request: 1.229454 seconds.
  path: Assets/Prefabs/Base/1-Output.prefab
  artifactKey: Guid(5975040894f62be4daf8348b04ec89f5) Importer(815301076,1909f56bfc062723c751e8b465ee728b)
Start importing Assets/Prefabs/Base/1-Output.prefab using Guid(5975040894f62be4daf8348b04ec89f5) Importer(815301076,1909f56bfc062723c751e8b465ee728b)  -> (artifact id: 'e65a3db56c00ca7bb751afe13ebc93a9') in 0.063449 seconds 
  Import took 0.072309 seconds .

========================================================================
Received Import Request.
  Time since last request: 4.815824 seconds.
  path: Assets/Prefabs/Base/2-Input.prefab
  artifactKey: Guid(e9f37c461ecc03548bc58144b2cb8fd9) Importer(815301076,1909f56bfc062723c751e8b465ee728b)
Start importing Assets/Prefabs/Base/2-Input.prefab using Guid(e9f37c461ecc03548bc58144b2cb8fd9) Importer(815301076,1909f56bfc062723c751e8b465ee728b)  -> (artifact id: '5f4d55913fc2f61dfbcf63a2b6680ed5') in 0.138185 seconds 
  Import took 0.146502 seconds .

========================================================================
Received Import Request.
  Time since last request: 6.524906 seconds.
  path: Assets/Prefabs/Base/2-Output.prefab
  artifactKey: Guid(10f9484c1f7468e40997b775f15b25ba) Importer(815301076,1909f56bfc062723c751e8b465ee728b)
Start importing Assets/Prefabs/Base/2-Output.prefab using Guid(10f9484c1f7468e40997b775f15b25ba) Importer(815301076,1909f56bfc062723c751e8b465ee728b)  -> (artifact id: '49bc971a5631ee972b79408c0b0143f1') in 0.068231 seconds 
  Import took 0.075375 seconds .

========================================================================
Received Prepare
Registering precompiled user dll's ...
Registered in 0.007922 seconds.
Begin MonoManager ReloadAssembly
Native extension for LinuxStandalone target not found
Native extension for WindowsStandalone target not found
Native extension for WebGL target not found
Refreshing native plugins compatible for Editor in 0.78 ms, found 2 plugins.
Preloading 0 native plugins for Editor in 0.00 ms.
Mono: successfully reloaded assembly
- Completed reload, in  1.936 seconds
Domain Reload Profiling:
	ReloadAssembly (1937ms)
		BeginReloadAssembly (176ms)
			ExecutionOrderSort (0ms)
			DisableScriptedObjects (8ms)
			BackupInstance (0ms)
			ReleaseScriptingObjects (0ms)
			CreateAndSetChildDomain (73ms)
		EndReloadAssembly (1678ms)
			LoadAssemblies (109ms)
			RebuildTransferFunctionScriptingTraits (0ms)
			SetupTypeCache (385ms)
			ReleaseScriptCaches (1ms)
			RebuildScriptCaches (56ms)
			SetupLoadedEditorAssemblies (950ms)
				LogAssemblyErrors (0ms)
				InitializePlatformSupportModulesInManaged (18ms)
				SetLoadedEditorAssemblies (1ms)
				RefreshPlugins (1ms)
				BeforeProcessingInitializeOnLoad (119ms)
				ProcessInitializeOnLoadAttributes (773ms)
				ProcessInitializeOnLoadMethodAttributes (33ms)
				AfterProcessingInitializeOnLoad (4ms)
				EditorAssembliesLoaded (1ms)
			ExecutionOrderSort2 (0ms)
			AwakeInstancesAfterBackupRestoration (29ms)
Platform modules already initialized, skipping
Refreshing native plugins compatible for Editor in 0.76 ms, found 2 plugins.
Preloading 0 native plugins for Editor in 0.00 ms.
Unloading 3086 Unused Serialized files (Serialized files now loaded: 0)
System memory in use before: 136.2 MB.
System memory in use after: 136.4 MB.

Unloading 26 unused Assets to reduce memory usage. Loaded Objects now: 3757.
Total: 34.029900 ms (FindLiveObjects: 0.350500 ms CreateObjectMapping: 0.108700 ms MarkObjects: 33.503400 ms  DeleteObjects: 0.064300 ms)

AssetImportParameters requested are different than current active one (requested -> active):
  custom:framework-win-MediaFoundation: 216162199b28c13a410421893ffa2e32 -> 
  custom:video-decoder-ogg-theora: a1e56fd34408186e4bbccfd4996cb3dc -> 
  custom:container-muxer-webm: aa71ff27fc2769a1b78a27578f13a17b -> 
  custom:container-demuxer-webm: 4f35f7cbe854078d1ac9338744f61a02 -> 
  custom:container-demuxer-ogg: 62fdf1f143b41e24485cea50d1cbac27 -> 
  custom:video-encoder-webm-vp8: eb34c28f22e8b96e1ab97ce403110664 -> 
  custom:video-decoder-webm-vp8: 9c59270c3fd7afecdb556c50c9e8de78 -> 
  custom:audio-decoder-ogg-vorbis: bf7c407c2cedff20999df2af8eb42d56 -> 
  custom:audio-encoder-webm-vorbis: bf7c407c2cedff20999df2af8eb42d56 -> 
========================================================================
Received Import Request.
  Time since last request: 31.123696 seconds.
  path: Assets/Prefabs/Base/2-Output.prefab
  artifactKey: Guid(10f9484c1f7468e40997b775f15b25ba) Importer(815301076,1909f56bfc062723c751e8b465ee728b)
Start importing Assets/Prefabs/Base/2-Output.prefab using Guid(10f9484c1f7468e40997b775f15b25ba) Importer(815301076,1909f56bfc062723c751e8b465ee728b)  -> (artifact id: '361c79bd52707b1732d74acad8303d9c') in 0.193250 seconds 
  Import took 0.204530 seconds .

========================================================================
Received Import Request.
  Time since last request: 1.353114 seconds.
  path: Assets/Prefabs/Base/2-Output.prefab
  artifactKey: Guid(10f9484c1f7468e40997b775f15b25ba) Importer(815301076,1909f56bfc062723c751e8b465ee728b)
Start importing Assets/Prefabs/Base/2-Output.prefab using Guid(10f9484c1f7468e40997b775f15b25ba) Importer(815301076,1909f56bfc062723c751e8b465ee728b)  -> (artifact id: '2029c25b04f144ae21254906a10bd7bb') in 0.063543 seconds 
  Import took 0.070105 seconds .

========================================================================
Received Import Request.
  Time since last request: 6.765514 seconds.
  path: Assets/Prefabs/Base/2-Input.prefab
  artifactKey: Guid(e9f37c461ecc03548bc58144b2cb8fd9) Importer(815301076,1909f56bfc062723c751e8b465ee728b)
Start importing Assets/Prefabs/Base/2-Input.prefab using Guid(e9f37c461ecc03548bc58144b2cb8fd9) Importer(815301076,1909f56bfc062723c751e8b465ee728b)  -> (artifact id: 'a6fb8e4ae0763f02ac09d137a27b66d9') in 0.346580 seconds 
  Import took 0.353830 seconds .

========================================================================
Received Import Request.
  Time since last request: 0.896828 seconds.
  path: Assets/Prefabs/Base/2-Input.prefab
  artifactKey: Guid(e9f37c461ecc03548bc58144b2cb8fd9) Importer(815301076,1909f56bfc062723c751e8b465ee728b)
Start importing Assets/Prefabs/Base/2-Input.prefab using Guid(e9f37c461ecc03548bc58144b2cb8fd9) Importer(815301076,1909f56bfc062723c751e8b465ee728b)  -> (artifact id: '2c62055fb0c57eafc60b0d342deb185b') in 0.129390 seconds 
  Import took 0.136251 seconds .

========================================================================
Received Import Request.
  Time since last request: 2.326893 seconds.
  path: Assets/Prefabs/Base/2-Input.prefab
  artifactKey: Guid(e9f37c461ecc03548bc58144b2cb8fd9) Importer(815301076,1909f56bfc062723c751e8b465ee728b)
Start importing Assets/Prefabs/Base/2-Input.prefab using Guid(e9f37c461ecc03548bc58144b2cb8fd9) Importer(815301076,1909f56bfc062723c751e8b465ee728b)  -> (artifact id: '1bf2237d45ff23b2a4b05cac2f48e324') in 0.125204 seconds 
  Import took 0.131447 seconds .

========================================================================
Received Import Request.
  Time since last request: 4.156405 seconds.
  path: Assets/Prefabs/Base/1-Output.prefab
  artifactKey: Guid(5975040894f62be4daf8348b04ec89f5) Importer(815301076,1909f56bfc062723c751e8b465ee728b)
Start importing Assets/Prefabs/Base/1-Output.prefab using Guid(5975040894f62be4daf8348b04ec89f5) Importer(815301076,1909f56bfc062723c751e8b465ee728b)  -> (artifact id: '1dbe131d852d057ba9249609bd033ba0') in 0.062646 seconds 
  Import took 0.068747 seconds .

========================================================================
Received Import Request.
  Time since last request: 4.704973 seconds.
  path: Assets/Prefabs/Base/1-Input.prefab
  artifactKey: Guid(95e4b747fa1d29e4da890ed1c962178b) Importer(815301076,1909f56bfc062723c751e8b465ee728b)
Start importing Assets/Prefabs/Base/1-Input.prefab using Guid(95e4b747fa1d29e4da890ed1c962178b) Importer(815301076,1909f56bfc062723c751e8b465ee728b)  -> (artifact id: 'e082be8542cdc4cb51f43a94407b8e89') in 0.125377 seconds 
  Import took 0.131540 seconds .

========================================================================
Received Import Request.
  Time since last request: 8.156758 seconds.
  path: Assets/Prefabs/Elements/и-не.prefab
  artifactKey: Guid(e75bfbb58e717764993208a9fbe05a24) Importer(815301076,1909f56bfc062723c751e8b465ee728b)
Start importing Assets/Prefabs/Elements/и-не.prefab using Guid(e75bfbb58e717764993208a9fbe05a24) Importer(815301076,1909f56bfc062723c751e8b465ee728b)  -> (artifact id: 'a18540b8f563dee205dbc299b0037313') in 0.070153 seconds 
  Import took 0.077965 seconds .

========================================================================
Received Import Request.
  Time since last request: 1.540308 seconds.
  path: Assets/Prefabs/Elements/и-не.prefab
  artifactKey: Guid(e75bfbb58e717764993208a9fbe05a24) Importer(815301076,1909f56bfc062723c751e8b465ee728b)
Start importing Assets/Prefabs/Elements/и-не.prefab using Guid(e75bfbb58e717764993208a9fbe05a24) Importer(815301076,1909f56bfc062723c751e8b465ee728b)  -> (artifact id: '1fec4910b5d5f0f0d6e01dff1ed1b10f') in 0.067995 seconds 
  Import took 0.075156 seconds .

========================================================================
Received Import Request.
  Time since last request: 7.876716 seconds.
  path: Assets/Prefabs/Elements/или.prefab
  artifactKey: Guid(ab15331eccf502542bbe0e630c4323a9) Importer(815301076,1909f56bfc062723c751e8b465ee728b)
Start importing Assets/Prefabs/Elements/или.prefab using Guid(ab15331eccf502542bbe0e630c4323a9) Importer(815301076,1909f56bfc062723c751e8b465ee728b)  -> (artifact id: '9d2d39ff19d1aeffc30e723d029ebfe3') in 0.069501 seconds 
  Import took 0.075760 seconds .

========================================================================
Received Import Request.
  Time since last request: 3.713337 seconds.
  path: Assets/Prefabs/Elements/иск-или.prefab
  artifactKey: Guid(fd667948c36fd414d8b7c1835f6b5cf2) Importer(815301076,1909f56bfc062723c751e8b465ee728b)
Start importing Assets/Prefabs/Elements/иск-или.prefab using Guid(fd667948c36fd414d8b7c1835f6b5cf2) Importer(815301076,1909f56bfc062723c751e8b465ee728b)  -> (artifact id: 'e94d3e280deef606af1badc0e5cc65ab') in 0.069331 seconds 
  Import took 0.075499 seconds .

========================================================================
Received Import Request.
  Time since last request: 4.221768 seconds.
  path: Assets/Prefabs/Elements/инв.prefab
  artifactKey: Guid(192e9358af3495d47bb6917b3f273952) Importer(815301076,1909f56bfc062723c751e8b465ee728b)
Start importing Assets/Prefabs/Elements/инв.prefab using Guid(192e9358af3495d47bb6917b3f273952) Importer(815301076,1909f56bfc062723c751e8b465ee728b)  -> (artifact id: '054389f676793dfb1ba5a5fdb0443891') in 0.068294 seconds 
  Import took 0.075701 seconds .

========================================================================
Received Import Request.
  Time since last request: 10.439561 seconds.
  path: Assets/Prefabs/Elements/и.prefab
  artifactKey: Guid(84e453668de707d4bb8f8ec477243010) Importer(815301076,1909f56bfc062723c751e8b465ee728b)
Start importing Assets/Prefabs/Elements/и.prefab using Guid(84e453668de707d4bb8f8ec477243010) Importer(815301076,1909f56bfc062723c751e8b465ee728b)  -> (artifact id: '90786fa97b60a717f5720f29789a6904') in 0.076313 seconds 
  Import took 0.087024 seconds .

========================================================================
Received Prepare
Registering precompiled user dll's ...
Registered in 0.008170 seconds.
Begin MonoManager ReloadAssembly
Native extension for LinuxStandalone target not found
Native extension for WindowsStandalone target not found
Native extension for WebGL target not found
Refreshing native plugins compatible for Editor in 1.02 ms, found 2 plugins.
Preloading 0 native plugins for Editor in 0.00 ms.
Mono: successfully reloaded assembly
- Completed reload, in  2.321 seconds
Domain Reload Profiling:
	ReloadAssembly (2322ms)
		BeginReloadAssembly (184ms)
			ExecutionOrderSort (0ms)
			DisableScriptedObjects (11ms)
			BackupInstance (0ms)
			ReleaseScriptingObjects (0ms)
			CreateAndSetChildDomain (90ms)
		EndReloadAssembly (2059ms)
			LoadAssemblies (131ms)
			RebuildTransferFunctionScriptingTraits (0ms)
			SetupTypeCache (481ms)
			ReleaseScriptCaches (2ms)
			RebuildScriptCaches (66ms)
			SetupLoadedEditorAssemblies (1149ms)
				LogAssemblyErrors (0ms)
				InitializePlatformSupportModulesInManaged (24ms)
				SetLoadedEditorAssemblies (1ms)
				RefreshPlugins (1ms)
				BeforeProcessingInitializeOnLoad (139ms)
				ProcessInitializeOnLoadAttributes (944ms)
				ProcessInitializeOnLoadMethodAttributes (32ms)
				AfterProcessingInitializeOnLoad (8ms)
				EditorAssembliesLoaded (1ms)
			ExecutionOrderSort2 (0ms)
			AwakeInstancesAfterBackupRestoration (34ms)
Platform modules already initialized, skipping
Refreshing native plugins compatible for Editor in 0.77 ms, found 2 plugins.
Preloading 0 native plugins for Editor in 0.00 ms.
Unloading 3086 Unused Serialized files (Serialized files now loaded: 0)
System memory in use before: 136.4 MB.
System memory in use after: 136.6 MB.

Unloading 26 unused Assets to reduce memory usage. Loaded Objects now: 3795.
Total: 48.008400 ms (FindLiveObjects: 0.666400 ms CreateObjectMapping: 0.232700 ms MarkObjects: 46.983200 ms  DeleteObjects: 0.123500 ms)

AssetImportParameters requested are different than current active one (requested -> active):
  custom:framework-win-MediaFoundation: 216162199b28c13a410421893ffa2e32 -> 
  custom:video-decoder-ogg-theora: a1e56fd34408186e4bbccfd4996cb3dc -> 
  custom:container-muxer-webm: aa71ff27fc2769a1b78a27578f13a17b -> 
  custom:container-demuxer-webm: 4f35f7cbe854078d1ac9338744f61a02 -> 
  custom:container-demuxer-ogg: 62fdf1f143b41e24485cea50d1cbac27 -> 
  custom:video-encoder-webm-vp8: eb34c28f22e8b96e1ab97ce403110664 -> 
  custom:video-decoder-webm-vp8: 9c59270c3fd7afecdb556c50c9e8de78 -> 
  custom:audio-decoder-ogg-vorbis: bf7c407c2cedff20999df2af8eb42d56 -> 
  custom:audio-encoder-webm-vorbis: bf7c407c2cedff20999df2af8eb42d56 -> 
========================================================================
Received Prepare
Refreshing native plugins compatible for Editor in 14.54 ms, found 2 plugins.
Preloading 0 native plugins for Editor in 0.00 ms.
Unloading 24 Unused Serialized files (Serialized files now loaded: 0)
System memory in use before: 76.0 MB.
System memory in use after: 76.3 MB.

Unloading 24 unused Assets to reduce memory usage. Loaded Objects now: 3795.
Total: 34.918600 ms (FindLiveObjects: 0.432100 ms CreateObjectMapping: 0.151000 ms MarkObjects: 34.308800 ms  DeleteObjects: 0.024700 ms)

AssetImportParameters requested are different than current active one (requested -> active):
  custom:framework-win-MediaFoundation: 216162199b28c13a410421893ffa2e32 -> 
  custom:video-decoder-ogg-theora: a1e56fd34408186e4bbccfd4996cb3dc -> 
  custom:container-muxer-webm: aa71ff27fc2769a1b78a27578f13a17b -> 
  custom:container-demuxer-webm: 4f35f7cbe854078d1ac9338744f61a02 -> 
  custom:container-demuxer-ogg: 62fdf1f143b41e24485cea50d1cbac27 -> 
  custom:video-encoder-webm-vp8: eb34c28f22e8b96e1ab97ce403110664 -> 
  custom:video-decoder-webm-vp8: 9c59270c3fd7afecdb556c50c9e8de78 -> 
  custom:audio-decoder-ogg-vorbis: bf7c407c2cedff20999df2af8eb42d56 -> 
  custom:audio-encoder-webm-vorbis: bf7c407c2cedff20999df2af8eb42d56 -> 
========================================================================
Received Prepare
Registering precompiled user dll's ...
Registered in 0.014902 seconds.
Begin MonoManager ReloadAssembly
Native extension for LinuxStandalone target not found
Native extension for WindowsStandalone target not found
Native extension for WebGL target not found
Refreshing native plugins compatible for Editor in 0.77 ms, found 2 plugins.
Preloading 0 native plugins for Editor in 0.00 ms.
Mono: successfully reloaded assembly
- Completed reload, in  1.914 seconds
Domain Reload Profiling:
	ReloadAssembly (1919ms)
		BeginReloadAssembly (256ms)
			ExecutionOrderSort (0ms)
			DisableScriptedObjects (55ms)
			BackupInstance (0ms)
			ReleaseScriptingObjects (0ms)
			CreateAndSetChildDomain (108ms)
		EndReloadAssembly (1593ms)
			LoadAssemblies (101ms)
			RebuildTransferFunctionScriptingTraits (0ms)
			SetupTypeCache (404ms)
			ReleaseScriptCaches (2ms)
			RebuildScriptCaches (55ms)
			SetupLoadedEditorAssemblies (865ms)
				LogAssemblyErrors (0ms)
				InitializePlatformSupportModulesInManaged (18ms)
				SetLoadedEditorAssemblies (1ms)
				RefreshPlugins (1ms)
				BeforeProcessingInitializeOnLoad (113ms)
				ProcessInitializeOnLoadAttributes (705ms)
				ProcessInitializeOnLoadMethodAttributes (23ms)
				AfterProcessingInitializeOnLoad (4ms)
				EditorAssembliesLoaded (0ms)
			ExecutionOrderSort2 (0ms)
			AwakeInstancesAfterBackupRestoration (20ms)
Platform modules already initialized, skipping
Refreshing native plugins compatible for Editor in 0.75 ms, found 2 plugins.
Preloading 0 native plugins for Editor in 0.00 ms.
Unloading 3086 Unused Serialized files (Serialized files now loaded: 0)
System memory in use before: 136.4 MB.
System memory in use after: 136.7 MB.

Unloading 25 unused Assets to reduce memory usage. Loaded Objects now: 3797.
Total: 31.165800 ms (FindLiveObjects: 0.367700 ms CreateObjectMapping: 0.150200 ms MarkObjects: 30.597100 ms  DeleteObjects: 0.048200 ms)

AssetImportParameters requested are different than current active one (requested -> active):
  custom:framework-win-MediaFoundation: 216162199b28c13a410421893ffa2e32 -> 
  custom:video-decoder-ogg-theora: a1e56fd34408186e4bbccfd4996cb3dc -> 
  custom:container-muxer-webm: aa71ff27fc2769a1b78a27578f13a17b -> 
  custom:container-demuxer-webm: 4f35f7cbe854078d1ac9338744f61a02 -> 
  custom:container-demuxer-ogg: 62fdf1f143b41e24485cea50d1cbac27 -> 
  custom:video-encoder-webm-vp8: eb34c28f22e8b96e1ab97ce403110664 -> 
  custom:video-decoder-webm-vp8: 9c59270c3fd7afecdb556c50c9e8de78 -> 
  custom:audio-decoder-ogg-vorbis: bf7c407c2cedff20999df2af8eb42d56 -> 
  custom:audio-encoder-webm-vorbis: bf7c407c2cedff20999df2af8eb42d56 -> 
========================================================================
Received Prepare
Registering precompiled user dll's ...
Registered in 0.017632 seconds.
Begin MonoManager ReloadAssembly
Native extension for LinuxStandalone target not found
Native extension for WindowsStandalone target not found
Native extension for WebGL target not found
Refreshing native plugins compatible for Editor in 0.95 ms, found 2 plugins.
Preloading 0 native plugins for Editor in 0.00 ms.
Mono: successfully reloaded assembly
- Completed reload, in  3.780 seconds
Domain Reload Profiling:
	ReloadAssembly (3801ms)
		BeginReloadAssembly (728ms)
			ExecutionOrderSort (0ms)
			DisableScriptedObjects (219ms)
			BackupInstance (0ms)
			ReleaseScriptingObjects (0ms)
			CreateAndSetChildDomain (321ms)
		EndReloadAssembly (2956ms)
			LoadAssemblies (163ms)
			RebuildTransferFunctionScriptingTraits (0ms)
			SetupTypeCache (987ms)
			ReleaseScriptCaches (3ms)
			RebuildScriptCaches (107ms)
			SetupLoadedEditorAssemblies (1408ms)
				LogAssemblyErrors (0ms)
				InitializePlatformSupportModulesInManaged (30ms)
				SetLoadedEditorAssemblies (1ms)
				RefreshPlugins (1ms)
				BeforeProcessingInitializeOnLoad (152ms)
				ProcessInitializeOnLoadAttributes (1182ms)
				ProcessInitializeOnLoadMethodAttributes (34ms)
				AfterProcessingInitializeOnLoad (5ms)
				EditorAssembliesLoaded (1ms)
			ExecutionOrderSort2 (0ms)
			AwakeInstancesAfterBackupRestoration (40ms)
Platform modules already initialized, skipping
Refreshing native plugins compatible for Editor in 0.87 ms, found 2 plugins.
Preloading 0 native plugins for Editor in 0.00 ms.
Unloading 3086 Unused Serialized files (Serialized files now loaded: 0)
System memory in use before: 136.4 MB.
System memory in use after: 136.7 MB.

Unloading 25 unused Assets to reduce memory usage. Loaded Objects now: 3799.
Total: 43.750500 ms (FindLiveObjects: 0.845000 ms CreateObjectMapping: 0.314000 ms MarkObjects: 42.209200 ms  DeleteObjects: 0.379600 ms)

AssetImportParameters requested are different than current active one (requested -> active):
  custom:framework-win-MediaFoundation: 216162199b28c13a410421893ffa2e32 -> 
  custom:video-decoder-ogg-theora: a1e56fd34408186e4bbccfd4996cb3dc -> 
  custom:container-muxer-webm: aa71ff27fc2769a1b78a27578f13a17b -> 
  custom:container-demuxer-webm: 4f35f7cbe854078d1ac9338744f61a02 -> 
  custom:container-demuxer-ogg: 62fdf1f143b41e24485cea50d1cbac27 -> 
  custom:video-encoder-webm-vp8: eb34c28f22e8b96e1ab97ce403110664 -> 
  custom:video-decoder-webm-vp8: 9c59270c3fd7afecdb556c50c9e8de78 -> 
  custom:audio-decoder-ogg-vorbis: bf7c407c2cedff20999df2af8eb42d56 -> 
  custom:audio-encoder-webm-vorbis: bf7c407c2cedff20999df2af8eb42d56 -> 
AssetImportWorkerClient::OnTransportError - code=2 error=End of file
